<?xml version="1.0" encoding="UTF-8"?>
<!-- Generated by org.testng.reporters.JUnitReportReporter -->
<testsuite skipped="0" hostname="DESKTOP-AR628H2" name="com.jenkinsdemo.test.RegressionTestScripts" tests="3" failures="0" timestamp="15 Aug 2018 06:04:55 GMT" time="20.261" errors="0">
  <testcase name="verifyinvalidLogin" time="7.564" classname="com.jenkinsdemo.test.RegressionTestScripts"/>
  <testcase name="nevigateBack" time="1.714" classname="com.jenkinsdemo.test.RegressionTestScripts"/>
  <testcase name="verifyValidLogin" time="10.983" classname="com.jenkinsdemo.test.RegressionTestScripts"/>
</testsuite> <!-- com.jenkinsdemo.test.RegressionTestScripts -->
