<?xml version="1.0" encoding="UTF-8"?>
<!-- Generated by org.testng.reporters.JUnitReportReporter -->
<testsuite skipped="0" hostname="DESKTOP-AR628H2" name="com.regression.testscripts.VerifyAutomationTesting" tests="1" failures="0" timestamp="17 Aug 2018 22:41:11 GMT" time="37.775" errors="0">
  <testcase name="verifyRegister" time="37.775" classname="com.regression.testscripts.VerifyAutomationTesting"/>
</testsuite> <!-- com.regression.testscripts.VerifyAutomationTesting -->
